@I [HLS-0] Workspace /home/nrs/Phase2_final/solution1 opened at Tue Mar 12 16:51:42 IST 2019
@I [HLS-100] Command "config_clock -quiet -name default -period 10 -default=false "
@I [SYN-201] Setting up clock 'default' with a period of 10ns.
@I [HLS-100] Command 'config_clock' returned 0; elapsed 0.00014Total elapsed time: 0.206 sec.
@I [HLS-100] Command "open_platform DefaultPlatform "
@I [HLS-100] Command 'open_platform' returned 0; elapsed 4e-05Total elapsed time: 0.207 sec.
@I [HLS-100] Command "import_lib /home/nrs/Xilinix_New/Vivado_HLS/2016.2/common/technology/xilinx/zynq/zynq "
@I [HLS-100] Command "source /home/nrs/Xilinix_New/Vivado_HLS/2016.2/common/technology/xilinx/common/xilinx.lib "
@I [HLS-100] Command "source /home/nrs/Xilinix_New/Vivado_HLS/2016.2/common/technology/xilinx/interface/xilinx_interface.lib "
@I [HLS-100] Command "source /home/nrs/Xilinix_New/Vivado_HLS/2016.2/common/technology/xilinx/interface/plb46.lib "
@I [HLS-100] Command 'ap_source' returned 0; elapsed 0.000288Total elapsed time: 0.208 sec.
@I [HLS-100] Command "source /home/nrs/Xilinix_New/Vivado_HLS/2016.2/common/technology/xilinx/interface/fsl.lib "
@I [HLS-100] Command 'ap_source' returned 0; elapsed 0.000135Total elapsed time: 0.208 sec.
@I [HLS-100] Command "source /home/nrs/Xilinix_New/Vivado_HLS/2016.2/common/technology/xilinx/interface/axi4.lib "
@I [HLS-100] Command 'ap_source' returned 0; elapsed 0.000221Total elapsed time: 0.208 sec.
@I [HLS-100] Command "source /home/nrs/Xilinix_New/Vivado_HLS/2016.2/common/technology/xilinx/interface/maxi.lib "
@I [HLS-100] Command 'ap_source' returned 0; elapsed 0.000165Total elapsed time: 0.209 sec.
@I [HLS-100] Command "source /home/nrs/Xilinix_New/Vivado_HLS/2016.2/common/technology/xilinx/interface/saxilite.lib "
@I [HLS-100] Command 'ap_source' returned 0; elapsed 0.000111Total elapsed time: 0.209 sec.
@I [HLS-100] Command 'ap_source' returned 0; elapsed 0.001654Total elapsed time: 0.209 sec.
@I [HLS-100] Command "source /home/nrs/Xilinix_New/Vivado_HLS/2016.2/common/technology/xilinx/common/dsp48.lib "
@I [HLS-100] Command 'ap_source' returned 0; elapsed 0.000107Total elapsed time: 0.209 sec.
@I [HLS-100] Command "source /home/nrs/Xilinix_New/Vivado_HLS/2016.2/common/technology/xilinx/ip/xfft.lib "
@I [HLS-100] Command 'ap_source' returned 0; elapsed 8.2e-05Total elapsed time: 0.210 sec.
@I [HLS-100] Command "source /home/nrs/Xilinix_New/Vivado_HLS/2016.2/common/technology/xilinx/ip/dds_compiler.lib "
@I [HLS-100] Command 'ap_source' returned 0; elapsed 0.000112Total elapsed time: 0.210 sec.
@I [HLS-100] Command "source /home/nrs/Xilinix_New/Vivado_HLS/2016.2/common/technology/xilinx/ip/xfir.lib "
@I [HLS-100] Command 'ap_source' returned 0; elapsed 6.9e-05Total elapsed time: 0.210 sec.
@I [HLS-100] Command 'ap_source' returned 0; elapsed 0.004741Total elapsed time: 0.212 sec.
@I [HLS-100] Command "source /home/nrs/Xilinix_New/Vivado_HLS/2016.2/common/technology/xilinx/common/xilinx_old.lib "
@I [HLS-100] Command 'ap_source' returned 0; elapsed 0.000636Total elapsed time: 0.214 sec.
@I [HLS-100] Command "source /home/nrs/Xilinix_New/Vivado_HLS/2016.2/common/technology/xilinx/common/xilinx_vivado.lib "
@I [HLS-100] Command 'ap_source' returned 0; elapsed 0.000655Total elapsed time: 0.215 sec.
@I [HLS-100] Command "source /home/nrs/Xilinix_New/Vivado_HLS/2016.2/common/technology/xilinx/common/xilinx.hlp "
@I [HLS-100] Command "source /home/nrs/Xilinix_New/Vivado_HLS/2016.2/common/technology/xilinx/common/target_info.tcl "
@I [HLS-100] Command 'ap_source' returned 0; elapsed 0.000106Total elapsed time: 0.217 sec.
@I [HLS-100] Command "source /home/nrs/Xilinix_New/Vivado_HLS/2016.2/common/technology/xilinx/interface/xilinx_interface.hlp "
@I [HLS-100] Command "source /home/nrs/Xilinix_New/Vivado_HLS/2016.2/common/technology/xilinx/interface/maxi.hlp "
@I [HLS-100] Command 'ap_source' returned 0; elapsed 0.000104Total elapsed time: 0.217 sec.
@I [HLS-100] Command "source /home/nrs/Xilinix_New/Vivado_HLS/2016.2/common/technology/xilinx/interface/saxilite.hlp "
@I [HLS-100] Command 'ap_source' returned 0; elapsed 0.000111Total elapsed time: 0.218 sec.
@I [HLS-100] Command 'ap_source' returned 0; elapsed 0.000539Total elapsed time: 0.218 sec.
@I [HLS-100] Command "source /home/nrs/Xilinix_New/Vivado_HLS/2016.2/common/technology/xilinx/common/dsp48.hlp "
@I [HLS-100] Command 'ap_source' returned 0; elapsed 0.000495Total elapsed time: 0.219 sec.
@I [HLS-100] Command 'ap_source' returned 0; elapsed 0.002454Total elapsed time: 0.219 sec.
@I [HLS-100] Command "source /home/nrs/Xilinix_New/Vivado_HLS/2016.2/common/technology/xilinx/zynq/dsp48e1.hlp "
@I [HLS-100] Command 'ap_source' returned 0; elapsed 7.8e-05Total elapsed time: 0.219 sec.
@I [HLS-100] Command "get_default_platform "
@I [HLS-100] Command 'get_default_platform' returned 0; elapsed 5e-06Total elapsed time: 0.219 sec.
@I [HLS-100] Command "config_chip_info -quiet -resource  {SLICE 13300}  {LUT 53200}     {FF 106400} {DSP48E 220}   {BRAM 280}  "
@I [HLS-100] Command 'config_chip_info' returned 0; elapsed 1.4e-05Total elapsed time: 0.220 sec.
@I [HLS-100] Command "config_chip_info -quiet -speed medium "
@I [HLS-100] Command 'config_chip_info' returned 0; elapsed 4e-06Total elapsed time: 0.220 sec.
@I [HLS-100] Command 'import_lib' returned 0; elapsed 0.014149Total elapsed time: 0.221 sec.
@I [HLS-100] Command "source /home/nrs/Xilinix_New/Vivado_HLS/2016.2/common/technology/xilinx/zynq/zynq.gen "
@I [HLS-100] Command "source /home/nrs/Xilinix_New/Vivado_HLS/2016.2/common/technology/xilinx/common/virtex.gen "
@I [HLS-100] Command "source /home/nrs/Xilinix_New/Vivado_HLS/2016.2/common/technology/xilinx/common/xilinx.gen "
@I [HLS-100] Command "source /home/nrs/Xilinix_New/Vivado_HLS/2016.2/common/technology/xilinx/interface/plb46.gen "
@I [HLS-100] Command 'ap_source' returned 0; elapsed 0.001033Total elapsed time: 0.223 sec.
@I [HLS-100] Command "source /home/nrs/Xilinix_New/Vivado_HLS/2016.2/common/technology/xilinx/interface/fsl.gen "
@I [HLS-100] Command 'ap_source' returned 0; elapsed 0.000447Total elapsed time: 0.224 sec.
@I [HLS-100] Command "source /home/nrs/Xilinix_New/Vivado_HLS/2016.2/common/technology/xilinx/interface/axi4.gen "
@I [HLS-100] Command 'ap_source' returned 0; elapsed 0.00168Total elapsed time: 0.225 sec.
@I [HLS-100] Command "source /home/nrs/Xilinix_New/Vivado_HLS/2016.2/common/technology/xilinx/interface/nativeAXI4.gen "
@I [HLS-100] Command "source /home/nrs/Xilinix_New/Vivado_HLS/2016.2/common/technology/xilinx/interface/saxilite.gen "
@I [HLS-100] Command 'ap_source' returned 0; elapsed 0.002977Total elapsed time: 0.229 sec.
@I [HLS-100] Command "source /home/nrs/Xilinix_New/Vivado_HLS/2016.2/common/technology/xilinx/interface/maxi.gen "
@I [HLS-100] Command 'ap_source' returned 0; elapsed 0.006212Total elapsed time: 0.235 sec.
@I [HLS-100] Command 'ap_source' returned 0; elapsed 0.009523Total elapsed time: 0.235 sec.
@I [HLS-100] Command "source /home/nrs/Xilinix_New/Vivado_HLS/2016.2/common/technology/xilinx/scripts/xilinxcoregen.gen "
@I [HLS-100] Command 'ap_source' returned 0; elapsed 0.008025Total elapsed time: 0.243 sec.
@I [HLS-100] Command "source /home/nrs/Xilinix_New/Vivado_HLS/2016.2/common/technology/xilinx/interface/XilEDKCoreGen.gen "
@I [HLS-100] Command 'ap_source' returned 0; elapsed 0.006308Total elapsed time: 0.250 sec.
@I [HLS-100] Command "source /home/nrs/Xilinix_New/Vivado_HLS/2016.2/common/technology/xilinx/ip/util.gen "
@I [HLS-100] Command 'ap_source' returned 0; elapsed 0.000126Total elapsed time: 0.250 sec.
@I [HLS-100] Command "source /home/nrs/Xilinix_New/Vivado_HLS/2016.2/common/technology/xilinx/ip/dds_compiler.gen "
@I [HLS-100] Command 'ap_source' returned 0; elapsed 0.002866Total elapsed time: 0.253 sec.
@I [HLS-100] Command "source /home/nrs/Xilinix_New/Vivado_HLS/2016.2/common/technology/xilinx/ip/xfir.gen "
@I [HLS-100] Command 'ap_source' returned 0; elapsed 0.000607Total elapsed time: 0.254 sec.
@I [HLS-100] Command "source /home/nrs/Xilinix_New/Vivado_HLS/2016.2/common/technology/xilinx/ip/xfft.gen "
@I [HLS-100] Command 'ap_source' returned 0; elapsed 0.110626Total elapsed time: 0.365 sec.
@I [HLS-100] Command 'ap_source' returned 0; elapsed 0.142943Total elapsed time: 0.365 sec.
@I [HLS-100] Command "source /home/nrs/Xilinix_New/Vivado_HLS/2016.2/common/technology/xilinx/common/dsp48.gen "
@I [HLS-100] Command 'ap_source' returned 0; elapsed 0.000148Total elapsed time: 0.367 sec.
@I [HLS-100] Command 'ap_source' returned 0; elapsed 0.145286Total elapsed time: 0.367 sec.
@I [HLS-100] Command 'ap_source' returned 0; elapsed 0.1455Total elapsed time: 0.367 sec.
@I [HLS-100] Command "open_platform DefaultPlatform "
@I [HLS-100] Command 'open_platform' returned 0; elapsed 5e-06Total elapsed time: 0.367 sec.
@I [HLS-100] Command "import_lib /home/nrs/Xilinix_New/Vivado_HLS/2016.2/common/technology/xilinx/zynq/zynq_fpv6 "
@I [HLS-100] Command "source /home/nrs/Xilinix_New/Vivado_HLS/2016.2/common/technology/xilinx/common/xilinx_fpv7.lib "
@I [HLS-100] Command "source /home/nrs/Xilinix_New/Vivado_HLS/2016.2/common/technology/xilinx/common/xilinx_hp.lib "
@I [HLS-100] Command 'ap_source' returned 0; elapsed 0.000644Total elapsed time: 0.368 sec.
@I [HLS-100] Command 'ap_source' returned 0; elapsed 0.003457Total elapsed time: 0.371 sec.
@I [HLS-100] Command "source /home/nrs/Xilinix_New/Vivado_HLS/2016.2/common/technology/xilinx/common/xilinx_fpv.hlp "
@I [HLS-100] Command "source /home/nrs/Xilinix_New/Vivado_HLS/2016.2/common/technology/xilinx/common/xilinx.hlp "
@I [HLS-100] Command "source /home/nrs/Xilinix_New/Vivado_HLS/2016.2/common/technology/xilinx/common/target_info.tcl "
@I [HLS-100] Command 'ap_source' returned 0; elapsed 0.000146Total elapsed time: 0.376 sec.
@I [HLS-100] Command "source /home/nrs/Xilinix_New/Vivado_HLS/2016.2/common/technology/xilinx/interface/xilinx_interface.hlp "
@I [HLS-100] Command "source /home/nrs/Xilinix_New/Vivado_HLS/2016.2/common/technology/xilinx/interface/maxi.hlp "
@I [HLS-100] Command 'ap_source' returned 0; elapsed 0.000107Total elapsed time: 0.377 sec.
@I [HLS-100] Command "source /home/nrs/Xilinix_New/Vivado_HLS/2016.2/common/technology/xilinx/interface/saxilite.hlp "
@I [HLS-100] Command 'ap_source' returned 0; elapsed 8.5e-05Total elapsed time: 0.377 sec.
@I [HLS-100] Command 'ap_source' returned 0; elapsed 0.000446Total elapsed time: 0.377 sec.
@I [HLS-100] Command "source /home/nrs/Xilinix_New/Vivado_HLS/2016.2/common/technology/xilinx/common/dsp48.hlp "
@I [HLS-100] Command 'ap_source' returned 0; elapsed 0.000562Total elapsed time: 0.378 sec.
@I [HLS-100] Command 'ap_source' returned 0; elapsed 0.002452Total elapsed time: 0.378 sec.
@I [HLS-100] Command 'ap_source' returned 0; elapsed 0.003076Total elapsed time: 0.379 sec.
@I [HLS-100] Command "source /home/nrs/Xilinix_New/Vivado_HLS/2016.2/common/technology/xilinx/zynq/zynq_hp.hlp "
@I [HLS-100] Command 'ap_source' returned 0; elapsed 0.000953Total elapsed time: 0.380 sec.
@I [HLS-100] Command 'import_lib' returned 0; elapsed 0.017442Total elapsed time: 0.385 sec.
@I [HLS-100] Command "source /home/nrs/Xilinix_New/Vivado_HLS/2016.2/common/technology/xilinx/zynq/zynq_fpv6.gen "
@I [HLS-100] Command "source /home/nrs/Xilinix_New/Vivado_HLS/2016.2/common/technology/xilinx/common/xilinx_fpv6.gen "
@I [HLS-100] Command 'ap_source' returned 0; elapsed 0.001443Total elapsed time: 0.387 sec.
@I [HLS-100] Command 'ap_source' returned 0; elapsed 0.001659Total elapsed time: 0.387 sec.
@I [HLS-100] Command "set_part xc7z020clg484-1 "
@I [HLS-100] Command "add_library xilinx/zynq/zynq:xc7z020:clg484:-1 "
@I [HLS-100] Command "get_default_platform "
@I [HLS-100] Command 'get_default_platform' returned 0; elapsed 5e-06Total elapsed time: 0.390 sec.
@I [HLS-100] Command "license_isbetapart xc7z020 "
@I [HLS-100] Command 'license_isbetapart' returned 1; elapsed 0.006565Total elapsed time: 0.398 sec.
@I [HLS-100] Command "get_default_platform "
@I [HLS-100] Command 'get_default_platform' returned 0; elapsed 5e-06Total elapsed time: 0.398 sec.
@I [HLS-100] Command "config_chip_info -quiet -resource  {SLICE 13300}  {LUT 53200}     {FF 106400} {DSP48E 220}   {BRAM 280}  "
@I [HLS-100] Command 'config_chip_info' returned 0; elapsed 1.5e-05Total elapsed time: 0.399 sec.
@I [HLS-100] Command "config_chip_info -quiet -speed slow "
@I [HLS-100] Command 'config_chip_info' returned 0; elapsed 4e-06Total elapsed time: 0.399 sec.
@I [HLS-100] Command 'add_library' returned 0; elapsed 0.00941Total elapsed time: 0.399 sec.
@I [HLS-100] Command "add_library xilinx/zynq/zynq_fpv6 "
@I [HLS-100] Command "get_default_platform "
@I [HLS-100] Command 'get_default_platform' returned 0; elapsed 4e-06Total elapsed time: 0.400 sec.
@I [HLS-100] Command 'add_library' returned 0; elapsed 0.001201Total elapsed time: 0.401 sec.
@I [HLS-10] Setting target device to 'xc7z020clg484-1'
@I [HLS-100] Command 'set_part' returned 0; elapsed 0.013766Total elapsed time: 0.401 sec.
@I [HLS-100] Command "get_default_platform "
@I [HLS-100] Command 'get_default_platform' returned 0; elapsed 1.4e-05Total elapsed time: 0.401 sec.
@I [HLS-100] Command "config_chip_info -quiet -resource  {SLICE 13300}  {LUT 53200}     {FF 106400} {DSP48E 220}   {BRAM 280}  "
@I [HLS-100] Command 'config_chip_info' returned 0; elapsed 9e-06Total elapsed time: 0.401 sec.
@I [HLS-100] Command "config_chip_info -quiet -speed slow "
@I [HLS-100] Command 'config_chip_info' returned 0; elapsed 4e-06Total elapsed time: 0.401 sec.
@I [HLS-100] Command 'open_solution' returned 0; elapsed 0.200502Total elapsed time: 0.402 sec.
@I [HLS-100] Command "csim_design -quiet "
@I [HLS-100] Command "source csim/.lst_opt.tcl "
@I [HLS-100] Command 'ap_source' returned 0; elapsed 6.7e-05Total elapsed time: 0.413 sec.
@I [HLS-100] Command "is_encrypted /home/nrs/Phase2_final/solution1/test1.cpp "
@I [HLS-100] Command 'is_encrypted' returned 0; elapsed 4.6e-05Total elapsed time: 0.417 sec.
@I [HLS-100] Command "is_xip /home/nrs/Phase2_final/solution1/test1.cpp "
@I [HLS-100] Command 'is_xip' returned 0; elapsed 2.1e-05Total elapsed time: 0.417 sec.
@I [HLS-100] Command "is_encrypted /home/nrs/Phase2_final/.apc/top.cpp "
@I [HLS-100] Command 'is_encrypted' returned 0; elapsed 2.3e-05Total elapsed time: 0.418 sec.
@I [HLS-100] Command "is_xip /home/nrs/Phase2_final/.apc/top.cpp "
@I [HLS-100] Command 'is_xip' returned 0; elapsed 1.8e-05Total elapsed time: 0.418 sec.
@I [HLS-100] Command "source run_sim.tcl "
@I [HLS-100] Command 'ap_source' returned 0; elapsed 0.003813Total elapsed time: 1.942 sec.
@I [SIM-1] CSim done with 0 errors.
@I [HLS-100] Command 'csim_design' returned 0; elapsed 0.024194Total elapsed time: 1.943 sec.
@I [HLS-100] Command 'ap_source' returned 0; elapsed 0.226925Total elapsed time: 1.943 sec.
@I [HLS-100] Command "cleanup_all "
@I [HLS-100] Command 'cleanup_all' returned 0; elapsed 0.000372Total elapsed time: 1.944 sec.
